<?xml version="1.0" encoding="UTF-8"?>
<!-- Generated by org.testng.reporters.JUnitReportReporter -->
<testsuite hostname="Swapna_Parsha" failures="0" tests="1" name="lms.LibraryManagementSystem.SampleTest" time="14.458" errors="0" timestamp="2025-02-26T16:48:46 GMT" skipped="0">
  <testcase classname="lms.LibraryManagementSystem.SampleTest" name="DeleteBookAndConfirm" time="14.458"/>
</testsuite> <!-- lms.LibraryManagementSystem.SampleTest -->
