<?xml version="1.0" encoding="UTF-8"?>
<!-- Generated by org.testng.reporters.JUnitReportReporter -->
<testsuite hostname="Swapna_Parsha" failures="0" tests="1" name="lms.LibraryManagementSystem.LMSTest" time="11.149" errors="0" timestamp="2025-02-26T16:54:04 GMT" skipped="0">
  <testcase classname="lms.LibraryManagementSystem.LMSTest" name="DeleteBookAndConfirm" time="11.149"/>
</testsuite> <!-- lms.LibraryManagementSystem.LMSTest -->
